<?xml version="1.0" encoding="UTF-8"?>
<testsuite name="ie.tudublin.SudokuTest" tests="3" skipped="0" failures="0" errors="0" timestamp="2025-12-01T17:24:18.689Z" hostname="Luts-MacBook-Pro.local" time="0.097">
  <properties/>
  <testcase name="testAnotherPuzzle()" classname="ie.tudublin.SudokuTest" time="0.005"/>
  <testcase name="testSimplePuzzle()" classname="ie.tudublin.SudokuTest" time="0.0"/>
  <testcase name="testInvalidPuzzle()" classname="ie.tudublin.SudokuTest" time="0.092"/>
  <system-out><![CDATA[]]></system-out>
  <system-err><![CDATA[]]></system-err>
</testsuite>
